2024-06-03 21:22:44 DEBUG JdbcTemplate:721 - Executing prepared SQL query
2024-06-03 21:22:44 DEBUG JdbcTemplate:650 - Executing prepared SQL statement [SELECT * FROM appuser WHERE email = ?]
2024-06-03 21:22:45 DEBUG JdbcTemplate:721 - Executing prepared SQL query
2024-06-03 21:22:45 DEBUG JdbcTemplate:650 - Executing prepared SQL statement [SELECT id FROM appuser WHERE email = ?]
2024-06-03 21:22:45 DEBUG JdbcTemplate:721 - Executing prepared SQL query
2024-06-03 21:22:45 DEBUG JdbcTemplate:650 - Executing prepared SQL statement [SELECT * FROM appuser WHERE id = ?]
2024-06-03 21:22:45 DEBUG JdbcTemplate:721 - Executing prepared SQL query
2024-06-03 21:22:45 DEBUG JdbcTemplate:650 - Executing prepared SQL statement [SELECT * FROM appuser WHERE id = ?]
2024-06-03 21:22:45 DEBUG JdbcTemplate:721 - Executing prepared SQL query
2024-06-03 21:22:45 DEBUG JdbcTemplate:650 - Executing prepared SQL statement [SELECT COUNT(1) FROM medic WHERE userId = ?]
2024-06-03 21:22:45 DEBUG JdbcTemplate:721 - Executing prepared SQL query
2024-06-03 21:22:45 DEBUG JdbcTemplate:650 - Executing prepared SQL statement [SELECT * FROM appuser WHERE id = ?]
2024-06-03 21:22:45 DEBUG JdbcTemplate:721 - Executing prepared SQL query
2024-06-03 21:22:45 DEBUG JdbcTemplate:650 - Executing prepared SQL statement [SELECT * FROM medic WHERE userId = ?]
2024-06-03 21:24:12 DEBUG JdbcTemplate:721 - Executing prepared SQL query
2024-06-03 21:24:12 DEBUG JdbcTemplate:650 - Executing prepared SQL statement [SELECT * FROM appuser WHERE email = ?]
2024-06-03 21:24:12 DEBUG JdbcTemplate:721 - Executing prepared SQL query
2024-06-03 21:24:12 DEBUG JdbcTemplate:650 - Executing prepared SQL statement [SELECT * FROM appuser WHERE email = ?]
2024-06-03 21:26:59 DEBUG JdbcTemplate:721 - Executing prepared SQL query
2024-06-03 21:26:59 DEBUG JdbcTemplate:650 - Executing prepared SQL statement [SELECT * FROM appuser WHERE email = ?]
2024-06-03 21:27:38 DEBUG JdbcTemplate:721 - Executing prepared SQL query
2024-06-03 21:27:38 DEBUG JdbcTemplate:650 - Executing prepared SQL statement [SELECT * FROM appuser WHERE email = ?]
2024-06-03 21:30:03 DEBUG JdbcTemplate:721 - Executing prepared SQL query
2024-06-03 21:30:03 DEBUG JdbcTemplate:650 - Executing prepared SQL statement [SELECT * FROM appuser WHERE email = ?]
2024-06-03 21:30:03 DEBUG JdbcTemplate:721 - Executing prepared SQL query
2024-06-03 21:30:03 DEBUG JdbcTemplate:650 - Executing prepared SQL statement [SELECT id FROM appuser WHERE email = ?]
2024-06-03 21:30:03 DEBUG JdbcTemplate:721 - Executing prepared SQL query
2024-06-03 21:30:03 DEBUG JdbcTemplate:650 - Executing prepared SQL statement [SELECT * FROM appuser WHERE id = ?]
2024-06-03 21:30:03 DEBUG JdbcTemplate:721 - Executing prepared SQL query
2024-06-03 21:30:03 DEBUG JdbcTemplate:650 - Executing prepared SQL statement [SELECT * FROM appuser WHERE email = ?]
2024-06-03 21:30:03 DEBUG JdbcTemplate:721 - Executing prepared SQL query
2024-06-03 21:30:03 DEBUG JdbcTemplate:650 - Executing prepared SQL statement [SELECT * FROM appuser WHERE id = ?]
2024-06-03 21:30:03 DEBUG JdbcTemplate:721 - Executing prepared SQL query
2024-06-03 21:30:03 DEBUG JdbcTemplate:650 - Executing prepared SQL statement [SELECT * FROM medic WHERE userId = ?]
2024-06-03 21:31:00 DEBUG JdbcTemplate:721 - Executing prepared SQL query
2024-06-03 21:31:00 DEBUG JdbcTemplate:650 - Executing prepared SQL statement [SELECT * FROM appuser WHERE email = ?]
2024-06-03 21:34:30 DEBUG JdbcTemplate:721 - Executing prepared SQL query
2024-06-03 21:34:30 DEBUG JdbcTemplate:721 - Executing prepared SQL query
2024-06-03 21:34:30 DEBUG JdbcTemplate:650 - Executing prepared SQL statement [SELECT * FROM appuser WHERE email = ?]
2024-06-03 21:34:30 DEBUG JdbcTemplate:650 - Executing prepared SQL statement [SELECT * FROM appuser WHERE email = ?]
2024-06-03 21:34:30 DEBUG JdbcTemplate:721 - Executing prepared SQL query
2024-06-03 21:34:30 DEBUG JdbcTemplate:721 - Executing prepared SQL query
2024-06-03 21:34:30 DEBUG JdbcTemplate:650 - Executing prepared SQL statement [SELECT id FROM appuser WHERE email = ?]
2024-06-03 21:34:30 DEBUG JdbcTemplate:650 - Executing prepared SQL statement [SELECT * FROM appuser WHERE id = ?]
2024-06-03 21:34:30 DEBUG JdbcTemplate:721 - Executing prepared SQL query
2024-06-03 21:34:30 DEBUG JdbcTemplate:721 - Executing prepared SQL query
2024-06-03 21:34:30 DEBUG JdbcTemplate:650 - Executing prepared SQL statement [SELECT * FROM appuser WHERE id = ?]
2024-06-03 21:34:30 DEBUG JdbcTemplate:650 - Executing prepared SQL statement [SELECT * FROM medic WHERE userId = ?]
2024-06-03 21:34:47 DEBUG JdbcTemplate:721 - Executing prepared SQL query
2024-06-03 21:34:47 DEBUG JdbcTemplate:650 - Executing prepared SQL statement [SELECT * FROM appuser WHERE email = ?]
2024-06-03 21:35:27 DEBUG JdbcTemplate:721 - Executing prepared SQL query
2024-06-03 21:35:27 DEBUG JdbcTemplate:650 - Executing prepared SQL statement [SELECT * FROM appuser WHERE email = ?]
2024-06-03 21:44:21 DEBUG JdbcTemplate:721 - Executing prepared SQL query
2024-06-03 21:44:21 DEBUG JdbcTemplate:721 - Executing prepared SQL query
2024-06-03 21:44:21 DEBUG JdbcTemplate:650 - Executing prepared SQL statement [SELECT * FROM appuser WHERE email = ?]
2024-06-03 21:44:21 DEBUG JdbcTemplate:650 - Executing prepared SQL statement [SELECT * FROM appuser WHERE email = ?]
2024-06-03 21:44:21 DEBUG JdbcTemplate:721 - Executing prepared SQL query
2024-06-03 21:44:21 DEBUG JdbcTemplate:721 - Executing prepared SQL query
2024-06-03 21:44:21 DEBUG JdbcTemplate:650 - Executing prepared SQL statement [SELECT id FROM appuser WHERE email = ?]
2024-06-03 21:44:21 DEBUG JdbcTemplate:650 - Executing prepared SQL statement [SELECT * FROM appuser WHERE id = ?]
2024-06-03 21:44:21 DEBUG JdbcTemplate:721 - Executing prepared SQL query
2024-06-03 21:44:21 DEBUG JdbcTemplate:721 - Executing prepared SQL query
2024-06-03 21:44:21 DEBUG JdbcTemplate:650 - Executing prepared SQL statement [SELECT * FROM medic WHERE userId = ?]
2024-06-03 21:44:21 DEBUG JdbcTemplate:650 - Executing prepared SQL statement [SELECT * FROM appuser WHERE id = ?]
2024-06-03 21:51:08 DEBUG JdbcTemplate:721 - Executing prepared SQL query
2024-06-03 21:51:08 DEBUG JdbcTemplate:650 - Executing prepared SQL statement [SELECT * FROM appuser WHERE email = ?]
2024-06-03 21:51:08 DEBUG JdbcTemplate:721 - Executing prepared SQL query
2024-06-03 21:51:08 DEBUG JdbcTemplate:650 - Executing prepared SQL statement [SELECT id FROM appuser WHERE email = ?]
2024-06-03 21:51:08 DEBUG JdbcTemplate:721 - Executing prepared SQL query
2024-06-03 21:51:08 DEBUG JdbcTemplate:650 - Executing prepared SQL statement [SELECT * FROM appuser WHERE id = ?]
2024-06-03 21:51:08 DEBUG JdbcTemplate:721 - Executing prepared SQL query
2024-06-03 21:51:08 DEBUG JdbcTemplate:650 - Executing prepared SQL statement [SELECT * FROM appuser WHERE email = ?]
2024-06-03 21:51:08 DEBUG JdbcTemplate:721 - Executing prepared SQL query
2024-06-03 21:51:08 DEBUG JdbcTemplate:650 - Executing prepared SQL statement [SELECT * FROM appuser WHERE email = ?]
2024-06-03 21:51:08 DEBUG JdbcTemplate:721 - Executing prepared SQL query
2024-06-03 21:51:08 DEBUG JdbcTemplate:650 - Executing prepared SQL statement [SELECT id FROM appuser WHERE email = ?]
2024-06-03 21:51:08 DEBUG JdbcTemplate:721 - Executing prepared SQL query
2024-06-03 21:51:08 DEBUG JdbcTemplate:650 - Executing prepared SQL statement [SELECT * FROM appuser WHERE id = ?]
2024-06-03 21:51:08 DEBUG JdbcTemplate:721 - Executing prepared SQL query
2024-06-03 21:51:08 DEBUG JdbcTemplate:650 - Executing prepared SQL statement [SELECT * FROM appuser WHERE email = ?]
2024-06-03 21:51:08 DEBUG JdbcTemplate:721 - Executing prepared SQL query
2024-06-03 21:51:08 DEBUG JdbcTemplate:650 - Executing prepared SQL statement [SELECT * FROM appuser WHERE id = ?]
2024-06-03 21:51:08 DEBUG JdbcTemplate:721 - Executing prepared SQL query
2024-06-03 21:51:08 DEBUG JdbcTemplate:650 - Executing prepared SQL statement [SELECT * FROM medic WHERE userId = ?]
2024-06-03 21:51:09 DEBUG JdbcTemplate:721 - Executing prepared SQL query
2024-06-03 21:51:09 DEBUG JdbcTemplate:650 - Executing prepared SQL statement [SELECT id FROM appuser WHERE email = ?]
2024-06-03 21:51:09 DEBUG JdbcTemplate:721 - Executing prepared SQL query
2024-06-03 21:51:09 DEBUG JdbcTemplate:650 - Executing prepared SQL statement [SELECT * FROM appuser WHERE id = ?]
2024-06-03 21:51:09 DEBUG JdbcTemplate:721 - Executing prepared SQL query
2024-06-03 21:51:09 DEBUG JdbcTemplate:650 - Executing prepared SQL statement [SELECT * FROM appuser WHERE email = ?]
2024-06-03 21:51:09 DEBUG JdbcTemplate:721 - Executing prepared SQL query
2024-06-03 21:51:09 DEBUG JdbcTemplate:650 - Executing prepared SQL statement [SELECT id FROM appuser WHERE email = ?]
2024-06-03 21:51:09 DEBUG JdbcTemplate:721 - Executing prepared SQL query
2024-06-03 21:51:09 DEBUG JdbcTemplate:650 - Executing prepared SQL statement [SELECT * FROM appuser WHERE id = ?]
2024-06-03 21:51:28 DEBUG JdbcTemplate:721 - Executing prepared SQL query
2024-06-03 21:51:28 DEBUG JdbcTemplate:650 - Executing prepared SQL statement [SELECT * FROM appuser WHERE email = ?]
2024-06-03 21:55:32 DEBUG JdbcTemplate:721 - Executing prepared SQL query
2024-06-03 21:55:32 DEBUG JdbcTemplate:721 - Executing prepared SQL query
2024-06-03 21:55:32 DEBUG JdbcTemplate:650 - Executing prepared SQL statement [SELECT * FROM appuser WHERE email = ?]
2024-06-03 21:55:32 DEBUG JdbcTemplate:650 - Executing prepared SQL statement [SELECT * FROM appuser WHERE email = ?]
2024-06-03 21:55:32 DEBUG JdbcTemplate:721 - Executing prepared SQL query
2024-06-03 21:55:32 DEBUG JdbcTemplate:650 - Executing prepared SQL statement [SELECT id FROM appuser WHERE email = ?]
2024-06-03 21:55:32 DEBUG JdbcTemplate:721 - Executing prepared SQL query
2024-06-03 21:55:32 DEBUG JdbcTemplate:650 - Executing prepared SQL statement [SELECT * FROM appuser WHERE id = ?]
2024-06-03 21:55:32 DEBUG JdbcTemplate:721 - Executing prepared SQL query
2024-06-03 21:55:32 DEBUG JdbcTemplate:650 - Executing prepared SQL statement [SELECT * FROM appuser WHERE id = ?]
2024-06-03 21:55:32 DEBUG JdbcTemplate:721 - Executing prepared SQL query
2024-06-03 21:55:32 DEBUG JdbcTemplate:650 - Executing prepared SQL statement [SELECT * FROM medic WHERE userId = ?]
2024-06-03 21:55:32 DEBUG JdbcTemplate:721 - Executing prepared SQL query
2024-06-03 21:55:32 DEBUG JdbcTemplate:650 - Executing prepared SQL statement [SELECT * FROM appuser WHERE email = ?]
2024-06-03 21:55:32 DEBUG JdbcTemplate:721 - Executing prepared SQL query
2024-06-03 21:55:32 DEBUG JdbcTemplate:650 - Executing prepared SQL statement [SELECT id FROM appuser WHERE email = ?]
2024-06-03 21:55:32 DEBUG JdbcTemplate:721 - Executing prepared SQL query
2024-06-03 21:55:32 DEBUG JdbcTemplate:650 - Executing prepared SQL statement [SELECT * FROM appuser WHERE id = ?]
2024-06-03 21:56:06 DEBUG JdbcTemplate:721 - Executing prepared SQL query
2024-06-03 21:56:06 DEBUG JdbcTemplate:650 - Executing prepared SQL statement [SELECT * FROM appuser WHERE email = ?]
2024-06-03 21:56:06 DEBUG JdbcTemplate:721 - Executing prepared SQL query
2024-06-03 21:56:06 DEBUG JdbcTemplate:650 - Executing prepared SQL statement [SELECT * FROM appuser WHERE email = ?]
2024-06-03 21:56:06 DEBUG JdbcTemplate:721 - Executing prepared SQL query
2024-06-03 21:56:06 DEBUG JdbcTemplate:721 - Executing prepared SQL query
2024-06-03 21:56:06 DEBUG JdbcTemplate:650 - Executing prepared SQL statement [SELECT id FROM appuser WHERE email = ?]
2024-06-03 21:56:06 DEBUG JdbcTemplate:650 - Executing prepared SQL statement [SELECT * FROM appuser WHERE id = ?]
2024-06-03 21:56:06 DEBUG JdbcTemplate:721 - Executing prepared SQL query
2024-06-03 21:56:06 DEBUG JdbcTemplate:650 - Executing prepared SQL statement [SELECT * FROM medic WHERE userId = ?]
2024-06-03 21:56:06 DEBUG JdbcTemplate:721 - Executing prepared SQL query
2024-06-03 21:56:06 DEBUG JdbcTemplate:650 - Executing prepared SQL statement [SELECT * FROM appuser WHERE id = ?]
2024-06-03 21:56:06 DEBUG JdbcTemplate:721 - Executing prepared SQL query
2024-06-03 21:56:06 DEBUG JdbcTemplate:650 - Executing prepared SQL statement [SELECT * FROM appuser WHERE email = ?]
2024-06-03 21:56:06 DEBUG JdbcTemplate:721 - Executing prepared SQL query
2024-06-03 21:56:06 DEBUG JdbcTemplate:650 - Executing prepared SQL statement [SELECT id FROM appuser WHERE email = ?]
2024-06-03 21:56:06 DEBUG JdbcTemplate:721 - Executing prepared SQL query
2024-06-03 21:56:06 DEBUG JdbcTemplate:650 - Executing prepared SQL statement [SELECT * FROM appuser WHERE id = ?]
2024-06-03 21:56:49 DEBUG JdbcTemplate:721 - Executing prepared SQL query
2024-06-03 21:56:49 DEBUG JdbcTemplate:650 - Executing prepared SQL statement [SELECT * FROM appuser WHERE email = ?]
2024-06-03 21:57:31 DEBUG JdbcTemplate:721 - Executing prepared SQL query
2024-06-03 21:57:31 DEBUG JdbcTemplate:650 - Executing prepared SQL statement [SELECT * FROM appuser WHERE email = ?]
2024-06-03 22:02:41 DEBUG JdbcTemplate:721 - Executing prepared SQL query
2024-06-03 22:02:41 DEBUG JdbcTemplate:650 - Executing prepared SQL statement [SELECT * FROM appuser WHERE email = ?]
2024-06-03 22:02:41 DEBUG JdbcTemplate:721 - Executing prepared SQL query
2024-06-03 22:02:41 DEBUG JdbcTemplate:650 - Executing prepared SQL statement [SELECT id FROM appuser WHERE email = ?]
2024-06-03 22:02:41 DEBUG JdbcTemplate:721 - Executing prepared SQL query
2024-06-03 22:02:41 DEBUG JdbcTemplate:650 - Executing prepared SQL statement [SELECT * FROM appuser WHERE id = ?]
2024-06-03 22:02:41 DEBUG JdbcTemplate:721 - Executing prepared SQL query
2024-06-03 22:02:41 DEBUG JdbcTemplate:650 - Executing prepared SQL statement [SELECT * FROM appuser WHERE email = ?]
2024-06-03 22:02:41 DEBUG JdbcTemplate:721 - Executing prepared SQL query
2024-06-03 22:02:41 DEBUG JdbcTemplate:650 - Executing prepared SQL statement [SELECT * FROM appuser WHERE email = ?]
2024-06-03 22:02:41 DEBUG JdbcTemplate:721 - Executing prepared SQL query
2024-06-03 22:02:41 DEBUG JdbcTemplate:650 - Executing prepared SQL statement [SELECT id FROM appuser WHERE email = ?]
2024-06-03 22:02:41 DEBUG JdbcTemplate:721 - Executing prepared SQL query
2024-06-03 22:02:41 DEBUG JdbcTemplate:650 - Executing prepared SQL statement [SELECT * FROM appuser WHERE id = ?]
2024-06-03 22:02:41 DEBUG JdbcTemplate:721 - Executing prepared SQL query
2024-06-03 22:02:41 DEBUG JdbcTemplate:650 - Executing prepared SQL statement [SELECT * FROM appuser WHERE email = ?]
2024-06-03 22:02:41 DEBUG JdbcTemplate:721 - Executing prepared SQL query
2024-06-03 22:02:41 DEBUG JdbcTemplate:650 - Executing prepared SQL statement [SELECT * FROM appuser WHERE id = ?]
2024-06-03 22:02:41 DEBUG JdbcTemplate:721 - Executing prepared SQL query
2024-06-03 22:02:41 DEBUG JdbcTemplate:650 - Executing prepared SQL statement [SELECT * FROM medic WHERE userId = ?]
2024-06-03 22:02:41 DEBUG JdbcTemplate:721 - Executing prepared SQL query
2024-06-03 22:02:41 DEBUG JdbcTemplate:650 - Executing prepared SQL statement [SELECT id FROM appuser WHERE email = ?]
2024-06-03 22:02:41 DEBUG JdbcTemplate:721 - Executing prepared SQL query
2024-06-03 22:02:41 DEBUG JdbcTemplate:650 - Executing prepared SQL statement [SELECT * FROM appuser WHERE id = ?]
2024-06-03 22:02:41 DEBUG JdbcTemplate:721 - Executing prepared SQL query
2024-06-03 22:02:41 DEBUG JdbcTemplate:650 - Executing prepared SQL statement [SELECT * FROM appuser WHERE email = ?]
2024-06-03 22:02:42 DEBUG JdbcTemplate:721 - Executing prepared SQL query
2024-06-03 22:02:42 DEBUG JdbcTemplate:650 - Executing prepared SQL statement [SELECT id FROM appuser WHERE email = ?]
2024-06-03 22:02:42 DEBUG JdbcTemplate:721 - Executing prepared SQL query
2024-06-03 22:02:42 DEBUG JdbcTemplate:650 - Executing prepared SQL statement [SELECT * FROM appuser WHERE id = ?]
2024-06-03 22:02:59 DEBUG JdbcTemplate:721 - Executing prepared SQL query
2024-06-03 22:02:59 DEBUG JdbcTemplate:650 - Executing prepared SQL statement [SELECT * FROM appuser WHERE email = ?]
2024-06-03 22:02:59 DEBUG JdbcTemplate:721 - Executing prepared SQL query
2024-06-03 22:02:59 DEBUG JdbcTemplate:650 - Executing prepared SQL statement [SELECT * FROM appuser WHERE id = ?]
2024-06-03 22:02:59 DEBUG JdbcTemplate:968 - Executing prepared SQL update
2024-06-03 22:02:59 DEBUG JdbcTemplate:650 - Executing prepared SQL statement [UPDATE appuser SET email = ?, password = ?, lastName = ?, firstName = ?, gender = ?, pronoun1 = ?, pronoun2 = ?, dateOfBirth = ?, language = ?, country = ?, city = ?, phoneNumber = ?, profileImageNumber = ?, imageExtension = ?, isAdmin = ?, isDeleted = ? WHERE id = ?]
2024-06-03 22:10:40 DEBUG JdbcTemplate:721 - Executing prepared SQL query
2024-06-03 22:10:40 DEBUG JdbcTemplate:650 - Executing prepared SQL statement [SELECT * FROM appuser WHERE email = ?]
2024-06-03 22:10:40 DEBUG JdbcTemplate:721 - Executing prepared SQL query
2024-06-03 22:10:40 DEBUG JdbcTemplate:650 - Executing prepared SQL statement [SELECT * FROM appuser WHERE email = ?]
2024-06-03 22:10:40 DEBUG JdbcTemplate:721 - Executing prepared SQL query
2024-06-03 22:10:40 DEBUG JdbcTemplate:721 - Executing prepared SQL query
2024-06-03 22:10:40 DEBUG JdbcTemplate:650 - Executing prepared SQL statement [SELECT id FROM appuser WHERE email = ?]
2024-06-03 22:10:40 DEBUG JdbcTemplate:650 - Executing prepared SQL statement [SELECT * FROM appuser WHERE id = ?]
2024-06-03 22:10:40 DEBUG JdbcTemplate:721 - Executing prepared SQL query
2024-06-03 22:10:40 DEBUG JdbcTemplate:650 - Executing prepared SQL statement [SELECT * FROM appuser WHERE id = ?]
2024-06-03 22:10:40 DEBUG JdbcTemplate:721 - Executing prepared SQL query
2024-06-03 22:10:40 DEBUG JdbcTemplate:650 - Executing prepared SQL statement [SELECT * FROM medic WHERE userId = ?]
2024-06-03 22:10:40 DEBUG JdbcTemplate:721 - Executing prepared SQL query
2024-06-03 22:10:40 DEBUG JdbcTemplate:650 - Executing prepared SQL statement [SELECT * FROM appuser WHERE email = ?]
2024-06-03 22:10:40 DEBUG JdbcTemplate:721 - Executing prepared SQL query
2024-06-03 22:10:40 DEBUG JdbcTemplate:650 - Executing prepared SQL statement [SELECT id FROM appuser WHERE email = ?]
2024-06-03 22:10:40 DEBUG JdbcTemplate:721 - Executing prepared SQL query
2024-06-03 22:10:40 DEBUG JdbcTemplate:650 - Executing prepared SQL statement [SELECT * FROM appuser WHERE id = ?]
2024-06-03 22:26:52 DEBUG JdbcTemplate:721 - Executing prepared SQL query
2024-06-03 22:26:52 DEBUG JdbcTemplate:650 - Executing prepared SQL statement [SELECT * FROM appuser WHERE email = ?]
2024-06-03 22:26:53 DEBUG JdbcTemplate:721 - Executing prepared SQL query
2024-06-03 22:26:53 DEBUG JdbcTemplate:650 - Executing prepared SQL statement [SELECT id FROM appuser WHERE email = ?]
2024-06-03 22:26:53 DEBUG JdbcTemplate:721 - Executing prepared SQL query
2024-06-03 22:26:53 DEBUG JdbcTemplate:650 - Executing prepared SQL statement [SELECT * FROM appuser WHERE id = ?]
2024-06-03 22:26:53 DEBUG JdbcTemplate:721 - Executing prepared SQL query
2024-06-03 22:26:53 DEBUG JdbcTemplate:650 - Executing prepared SQL statement [SELECT * FROM appuser WHERE email = ?]
2024-06-03 22:26:53 DEBUG JdbcTemplate:721 - Executing prepared SQL query
2024-06-03 22:26:53 DEBUG JdbcTemplate:650 - Executing prepared SQL statement [SELECT id FROM appuser WHERE email = ?]
2024-06-03 22:26:53 DEBUG JdbcTemplate:721 - Executing prepared SQL query
2024-06-03 22:26:53 DEBUG JdbcTemplate:650 - Executing prepared SQL statement [SELECT * FROM appuser WHERE id = ?]
2024-06-03 22:26:53 DEBUG JdbcTemplate:721 - Executing prepared SQL query
2024-06-03 22:26:53 DEBUG JdbcTemplate:650 - Executing prepared SQL statement [SELECT * FROM appuser WHERE email = ?]
2024-06-03 22:26:53 DEBUG JdbcTemplate:721 - Executing prepared SQL query
2024-06-03 22:26:53 DEBUG JdbcTemplate:650 - Executing prepared SQL statement [SELECT id FROM appuser WHERE email = ?]
2024-06-03 22:26:53 DEBUG JdbcTemplate:721 - Executing prepared SQL query
2024-06-03 22:26:53 DEBUG JdbcTemplate:650 - Executing prepared SQL statement [SELECT * FROM appuser WHERE id = ?]
2024-06-03 22:26:53 DEBUG JdbcTemplate:721 - Executing prepared SQL query
2024-06-03 22:26:53 DEBUG JdbcTemplate:650 - Executing prepared SQL statement [SELECT * FROM appuser WHERE email = ?]
2024-06-03 22:26:53 DEBUG JdbcTemplate:721 - Executing prepared SQL query
2024-06-03 22:26:53 DEBUG JdbcTemplate:650 - Executing prepared SQL statement [SELECT id FROM appuser WHERE email = ?]
2024-06-03 22:26:53 DEBUG JdbcTemplate:721 - Executing prepared SQL query
2024-06-03 22:26:53 DEBUG JdbcTemplate:650 - Executing prepared SQL statement [SELECT * FROM appuser WHERE id = ?]
2024-06-03 22:26:53 DEBUG JdbcTemplate:721 - Executing prepared SQL query
2024-06-03 22:26:53 DEBUG JdbcTemplate:650 - Executing prepared SQL statement [SELECT * FROM appuser WHERE email = ?]
2024-06-03 22:26:53 DEBUG JdbcTemplate:721 - Executing prepared SQL query
2024-06-03 22:26:53 DEBUG JdbcTemplate:650 - Executing prepared SQL statement [SELECT * FROM appuser WHERE id = ?]
2024-06-03 22:26:53 DEBUG JdbcTemplate:721 - Executing prepared SQL query
2024-06-03 22:26:53 DEBUG JdbcTemplate:650 - Executing prepared SQL statement [SELECT * FROM medic WHERE userId = ?]
2024-06-03 22:28:23 DEBUG JdbcTemplate:721 - Executing prepared SQL query
2024-06-03 22:28:23 DEBUG JdbcTemplate:650 - Executing prepared SQL statement [SELECT * FROM appuser WHERE email = ?]
2024-06-03 22:28:23 DEBUG JdbcTemplate:721 - Executing prepared SQL query
2024-06-03 22:28:23 DEBUG JdbcTemplate:650 - Executing prepared SQL statement [SELECT id FROM appuser WHERE email = ?]
2024-06-03 22:28:23 DEBUG JdbcTemplate:721 - Executing prepared SQL query
2024-06-03 22:28:23 DEBUG JdbcTemplate:650 - Executing prepared SQL statement [SELECT * FROM appuser WHERE id = ?]
2024-06-03 22:28:23 DEBUG JdbcTemplate:721 - Executing prepared SQL query
2024-06-03 22:28:23 DEBUG JdbcTemplate:650 - Executing prepared SQL statement [SELECT * FROM appuser WHERE email = ?]
2024-06-03 22:28:23 DEBUG JdbcTemplate:721 - Executing prepared SQL query
2024-06-03 22:28:23 DEBUG JdbcTemplate:650 - Executing prepared SQL statement [SELECT * FROM appuser WHERE email = ?]
2024-06-03 22:28:23 DEBUG JdbcTemplate:721 - Executing prepared SQL query
2024-06-03 22:28:23 DEBUG JdbcTemplate:650 - Executing prepared SQL statement [SELECT id FROM appuser WHERE email = ?]
2024-06-03 22:28:23 DEBUG JdbcTemplate:721 - Executing prepared SQL query
2024-06-03 22:28:23 DEBUG JdbcTemplate:650 - Executing prepared SQL statement [SELECT * FROM appuser WHERE id = ?]
2024-06-03 22:28:23 DEBUG JdbcTemplate:721 - Executing prepared SQL query
2024-06-03 22:28:23 DEBUG JdbcTemplate:650 - Executing prepared SQL statement [SELECT * FROM appuser WHERE email = ?]
2024-06-03 22:28:23 DEBUG JdbcTemplate:721 - Executing prepared SQL query
2024-06-03 22:28:23 DEBUG JdbcTemplate:650 - Executing prepared SQL statement [SELECT * FROM appuser WHERE id = ?]
2024-06-03 22:28:23 DEBUG JdbcTemplate:721 - Executing prepared SQL query
2024-06-03 22:28:23 DEBUG JdbcTemplate:650 - Executing prepared SQL statement [SELECT * FROM medic WHERE userId = ?]
2024-06-03 22:28:23 DEBUG JdbcTemplate:721 - Executing prepared SQL query
2024-06-03 22:28:23 DEBUG JdbcTemplate:650 - Executing prepared SQL statement [SELECT id FROM appuser WHERE email = ?]
2024-06-03 22:28:23 DEBUG JdbcTemplate:721 - Executing prepared SQL query
2024-06-03 22:28:23 DEBUG JdbcTemplate:650 - Executing prepared SQL statement [SELECT * FROM appuser WHERE id = ?]
2024-06-03 22:28:23 DEBUG JdbcTemplate:721 - Executing prepared SQL query
2024-06-03 22:28:23 DEBUG JdbcTemplate:650 - Executing prepared SQL statement [SELECT * FROM appuser WHERE email = ?]
2024-06-03 22:28:23 DEBUG JdbcTemplate:721 - Executing prepared SQL query
2024-06-03 22:28:23 DEBUG JdbcTemplate:650 - Executing prepared SQL statement [SELECT id FROM appuser WHERE email = ?]
2024-06-03 22:28:23 DEBUG JdbcTemplate:721 - Executing prepared SQL query
2024-06-03 22:28:23 DEBUG JdbcTemplate:650 - Executing prepared SQL statement [SELECT * FROM appuser WHERE id = ?]
2024-06-03 22:52:49 DEBUG JdbcTemplate:721 - Executing prepared SQL query
2024-06-03 22:52:49 DEBUG JdbcTemplate:650 - Executing prepared SQL statement [SELECT * FROM appuser WHERE email = ?]
2024-06-03 22:52:49 DEBUG JdbcTemplate:721 - Executing prepared SQL query
2024-06-03 22:52:49 DEBUG JdbcTemplate:650 - Executing prepared SQL statement [SELECT id FROM appuser WHERE email = ?]
2024-06-03 22:52:49 DEBUG JdbcTemplate:721 - Executing prepared SQL query
2024-06-03 22:52:49 DEBUG JdbcTemplate:650 - Executing prepared SQL statement [SELECT * FROM appuser WHERE id = ?]
2024-06-03 22:52:49 DEBUG JdbcTemplate:721 - Executing prepared SQL query
2024-06-03 22:52:49 DEBUG JdbcTemplate:650 - Executing prepared SQL statement [SELECT * FROM appuser WHERE email = ?]
2024-06-03 22:52:49 DEBUG JdbcTemplate:721 - Executing prepared SQL query
2024-06-03 22:52:49 DEBUG JdbcTemplate:650 - Executing prepared SQL statement [SELECT * FROM appuser WHERE email = ?]
2024-06-03 22:52:49 DEBUG JdbcTemplate:721 - Executing prepared SQL query
2024-06-03 22:52:49 DEBUG JdbcTemplate:650 - Executing prepared SQL statement [SELECT id FROM appuser WHERE email = ?]
2024-06-03 22:52:49 DEBUG JdbcTemplate:721 - Executing prepared SQL query
2024-06-03 22:52:49 DEBUG JdbcTemplate:650 - Executing prepared SQL statement [SELECT * FROM appuser WHERE id = ?]
2024-06-03 22:52:49 DEBUG JdbcTemplate:721 - Executing prepared SQL query
2024-06-03 22:52:49 DEBUG JdbcTemplate:650 - Executing prepared SQL statement [SELECT * FROM appuser WHERE email = ?]
2024-06-03 22:52:49 DEBUG JdbcTemplate:721 - Executing prepared SQL query
2024-06-03 22:52:49 DEBUG JdbcTemplate:650 - Executing prepared SQL statement [SELECT * FROM appuser WHERE id = ?]
2024-06-03 22:52:49 DEBUG JdbcTemplate:721 - Executing prepared SQL query
2024-06-03 22:52:49 DEBUG JdbcTemplate:650 - Executing prepared SQL statement [SELECT * FROM medic WHERE userId = ?]
2024-06-03 22:52:50 DEBUG JdbcTemplate:721 - Executing prepared SQL query
2024-06-03 22:52:50 DEBUG JdbcTemplate:650 - Executing prepared SQL statement [SELECT id FROM appuser WHERE email = ?]
2024-06-03 22:52:50 DEBUG JdbcTemplate:721 - Executing prepared SQL query
2024-06-03 22:52:50 DEBUG JdbcTemplate:650 - Executing prepared SQL statement [SELECT * FROM appuser WHERE id = ?]
2024-06-03 22:52:50 DEBUG JdbcTemplate:721 - Executing prepared SQL query
2024-06-03 22:52:50 DEBUG JdbcTemplate:650 - Executing prepared SQL statement [SELECT * FROM appuser WHERE email = ?]
2024-06-03 22:52:50 DEBUG JdbcTemplate:721 - Executing prepared SQL query
2024-06-03 22:52:50 DEBUG JdbcTemplate:650 - Executing prepared SQL statement [SELECT id FROM appuser WHERE email = ?]
2024-06-03 22:52:50 DEBUG JdbcTemplate:721 - Executing prepared SQL query
2024-06-03 22:52:50 DEBUG JdbcTemplate:650 - Executing prepared SQL statement [SELECT * FROM appuser WHERE id = ?]
2024-06-03 22:55:03 DEBUG JdbcTemplate:721 - Executing prepared SQL query
2024-06-03 22:55:03 DEBUG JdbcTemplate:721 - Executing prepared SQL query
2024-06-03 22:55:03 DEBUG JdbcTemplate:650 - Executing prepared SQL statement [SELECT * FROM appuser WHERE email = ?]
2024-06-03 22:55:03 DEBUG JdbcTemplate:650 - Executing prepared SQL statement [SELECT * FROM appuser WHERE email = ?]
2024-06-03 22:55:03 DEBUG JdbcTemplate:721 - Executing prepared SQL query
2024-06-03 22:55:03 DEBUG JdbcTemplate:650 - Executing prepared SQL statement [SELECT id FROM appuser WHERE email = ?]
2024-06-03 22:55:03 DEBUG JdbcTemplate:721 - Executing prepared SQL query
2024-06-03 22:55:03 DEBUG JdbcTemplate:650 - Executing prepared SQL statement [SELECT * FROM appuser WHERE id = ?]
2024-06-03 22:55:03 DEBUG JdbcTemplate:721 - Executing prepared SQL query
2024-06-03 22:55:03 DEBUG JdbcTemplate:721 - Executing prepared SQL query
2024-06-03 22:55:03 DEBUG JdbcTemplate:650 - Executing prepared SQL statement [SELECT * FROM appuser WHERE id = ?]
2024-06-03 22:55:03 DEBUG JdbcTemplate:650 - Executing prepared SQL statement [SELECT * FROM medic WHERE userId = ?]
2024-06-03 22:55:03 DEBUG JdbcTemplate:721 - Executing prepared SQL query
2024-06-03 22:55:03 DEBUG JdbcTemplate:650 - Executing prepared SQL statement [SELECT * FROM appuser WHERE email = ?]
2024-06-03 22:55:03 DEBUG JdbcTemplate:721 - Executing prepared SQL query
2024-06-03 22:55:03 DEBUG JdbcTemplate:650 - Executing prepared SQL statement [SELECT id FROM appuser WHERE email = ?]
2024-06-03 22:55:03 DEBUG JdbcTemplate:721 - Executing prepared SQL query
2024-06-03 22:55:03 DEBUG JdbcTemplate:650 - Executing prepared SQL statement [SELECT * FROM appuser WHERE id = ?]
2024-06-03 23:01:46 DEBUG JdbcTemplate:721 - Executing prepared SQL query
2024-06-03 23:01:46 DEBUG JdbcTemplate:650 - Executing prepared SQL statement [SELECT * FROM appuser WHERE email = ?]
2024-06-03 23:01:47 DEBUG JdbcTemplate:721 - Executing prepared SQL query
2024-06-03 23:01:47 DEBUG JdbcTemplate:650 - Executing prepared SQL statement [SELECT id FROM appuser WHERE email = ?]
2024-06-03 23:01:47 DEBUG JdbcTemplate:721 - Executing prepared SQL query
2024-06-03 23:01:47 DEBUG JdbcTemplate:650 - Executing prepared SQL statement [SELECT * FROM appuser WHERE id = ?]
2024-06-03 23:01:47 DEBUG JdbcTemplate:721 - Executing prepared SQL query
2024-06-03 23:01:47 DEBUG JdbcTemplate:650 - Executing prepared SQL statement [SELECT * FROM appuser WHERE email = ?]
2024-06-03 23:01:47 DEBUG JdbcTemplate:721 - Executing prepared SQL query
2024-06-03 23:01:47 DEBUG JdbcTemplate:650 - Executing prepared SQL statement [SELECT * FROM appuser WHERE email = ?]
2024-06-03 23:01:47 DEBUG JdbcTemplate:721 - Executing prepared SQL query
2024-06-03 23:01:47 DEBUG JdbcTemplate:650 - Executing prepared SQL statement [SELECT id FROM appuser WHERE email = ?]
2024-06-03 23:01:47 DEBUG JdbcTemplate:721 - Executing prepared SQL query
2024-06-03 23:01:47 DEBUG JdbcTemplate:650 - Executing prepared SQL statement [SELECT * FROM appuser WHERE id = ?]
2024-06-03 23:01:47 DEBUG JdbcTemplate:721 - Executing prepared SQL query
2024-06-03 23:01:47 DEBUG JdbcTemplate:650 - Executing prepared SQL statement [SELECT * FROM appuser WHERE email = ?]
2024-06-03 23:01:47 DEBUG JdbcTemplate:721 - Executing prepared SQL query
2024-06-03 23:01:47 DEBUG JdbcTemplate:650 - Executing prepared SQL statement [SELECT * FROM appuser WHERE id = ?]
2024-06-03 23:01:47 DEBUG JdbcTemplate:721 - Executing prepared SQL query
2024-06-03 23:01:47 DEBUG JdbcTemplate:650 - Executing prepared SQL statement [SELECT * FROM medic WHERE userId = ?]
2024-06-03 23:01:47 DEBUG JdbcTemplate:721 - Executing prepared SQL query
2024-06-03 23:01:47 DEBUG JdbcTemplate:650 - Executing prepared SQL statement [SELECT id FROM appuser WHERE email = ?]
2024-06-03 23:01:47 DEBUG JdbcTemplate:721 - Executing prepared SQL query
2024-06-03 23:01:47 DEBUG JdbcTemplate:650 - Executing prepared SQL statement [SELECT * FROM appuser WHERE id = ?]
2024-06-03 23:01:47 DEBUG JdbcTemplate:721 - Executing prepared SQL query
2024-06-03 23:01:47 DEBUG JdbcTemplate:650 - Executing prepared SQL statement [SELECT * FROM appuser WHERE email = ?]
2024-06-03 23:01:47 DEBUG JdbcTemplate:721 - Executing prepared SQL query
2024-06-03 23:01:47 DEBUG JdbcTemplate:650 - Executing prepared SQL statement [SELECT id FROM appuser WHERE email = ?]
2024-06-03 23:01:47 DEBUG JdbcTemplate:721 - Executing prepared SQL query
2024-06-03 23:01:47 DEBUG JdbcTemplate:650 - Executing prepared SQL statement [SELECT * FROM appuser WHERE id = ?]
2024-06-03 23:02:47 DEBUG JdbcTemplate:721 - Executing prepared SQL query
2024-06-03 23:02:47 DEBUG JdbcTemplate:721 - Executing prepared SQL query
2024-06-03 23:02:47 DEBUG JdbcTemplate:650 - Executing prepared SQL statement [SELECT * FROM appuser WHERE email = ?]
2024-06-03 23:02:47 DEBUG JdbcTemplate:650 - Executing prepared SQL statement [SELECT * FROM appuser WHERE email = ?]
2024-06-03 23:02:47 DEBUG JdbcTemplate:721 - Executing prepared SQL query
2024-06-03 23:02:47 DEBUG JdbcTemplate:650 - Executing prepared SQL statement [SELECT id FROM appuser WHERE email = ?]
2024-06-03 23:02:47 DEBUG JdbcTemplate:721 - Executing prepared SQL query
2024-06-03 23:02:47 DEBUG JdbcTemplate:650 - Executing prepared SQL statement [SELECT * FROM appuser WHERE id = ?]
2024-06-03 23:02:47 DEBUG JdbcTemplate:721 - Executing prepared SQL query
2024-06-03 23:02:47 DEBUG JdbcTemplate:650 - Executing prepared SQL statement [SELECT * FROM appuser WHERE id = ?]
2024-06-03 23:02:47 DEBUG JdbcTemplate:721 - Executing prepared SQL query
2024-06-03 23:02:47 DEBUG JdbcTemplate:650 - Executing prepared SQL statement [SELECT * FROM medic WHERE userId = ?]
2024-06-03 23:02:47 DEBUG JdbcTemplate:721 - Executing prepared SQL query
2024-06-03 23:02:47 DEBUG JdbcTemplate:650 - Executing prepared SQL statement [SELECT * FROM appuser WHERE email = ?]
2024-06-03 23:02:47 DEBUG JdbcTemplate:721 - Executing prepared SQL query
2024-06-03 23:02:47 DEBUG JdbcTemplate:650 - Executing prepared SQL statement [SELECT id FROM appuser WHERE email = ?]
2024-06-03 23:02:47 DEBUG JdbcTemplate:721 - Executing prepared SQL query
2024-06-03 23:02:47 DEBUG JdbcTemplate:650 - Executing prepared SQL statement [SELECT * FROM appuser WHERE id = ?]
2024-06-03 23:03:14 DEBUG JdbcTemplate:721 - Executing prepared SQL query
2024-06-03 23:03:14 DEBUG JdbcTemplate:650 - Executing prepared SQL statement [SELECT * FROM appuser WHERE email = ?]
2024-06-03 23:03:14 DEBUG JdbcTemplate:721 - Executing prepared SQL query
2024-06-03 23:03:14 DEBUG JdbcTemplate:650 - Executing prepared SQL statement [SELECT * FROM appuser WHERE email = ?]
2024-06-03 23:03:14 DEBUG JdbcTemplate:721 - Executing prepared SQL query
2024-06-03 23:03:14 DEBUG JdbcTemplate:650 - Executing prepared SQL statement [SELECT id FROM appuser WHERE email = ?]
2024-06-03 23:03:14 DEBUG JdbcTemplate:721 - Executing prepared SQL query
2024-06-03 23:03:14 DEBUG JdbcTemplate:650 - Executing prepared SQL statement [SELECT * FROM appuser WHERE id = ?]
2024-06-03 23:03:14 DEBUG JdbcTemplate:721 - Executing prepared SQL query
2024-06-03 23:03:14 DEBUG JdbcTemplate:650 - Executing prepared SQL statement [SELECT * FROM appuser WHERE id = ?]
2024-06-03 23:03:14 DEBUG JdbcTemplate:721 - Executing prepared SQL query
2024-06-03 23:03:14 DEBUG JdbcTemplate:721 - Executing prepared SQL query
2024-06-03 23:03:14 DEBUG JdbcTemplate:650 - Executing prepared SQL statement [SELECT * FROM appuser WHERE email = ?]
2024-06-03 23:03:14 DEBUG JdbcTemplate:650 - Executing prepared SQL statement [SELECT * FROM medic WHERE userId = ?]
2024-06-03 23:03:14 DEBUG JdbcTemplate:721 - Executing prepared SQL query
2024-06-03 23:03:14 DEBUG JdbcTemplate:650 - Executing prepared SQL statement [SELECT id FROM appuser WHERE email = ?]
2024-06-03 23:03:14 DEBUG JdbcTemplate:721 - Executing prepared SQL query
2024-06-03 23:03:14 DEBUG JdbcTemplate:650 - Executing prepared SQL statement [SELECT * FROM appuser WHERE id = ?]
2024-06-03 23:04:31 DEBUG JdbcTemplate:721 - Executing prepared SQL query
2024-06-03 23:04:31 DEBUG JdbcTemplate:650 - Executing prepared SQL statement [SELECT * FROM appuser WHERE email = ?]
2024-06-03 23:04:32 DEBUG JdbcTemplate:721 - Executing prepared SQL query
2024-06-03 23:04:32 DEBUG JdbcTemplate:650 - Executing prepared SQL statement [SELECT id FROM appuser WHERE email = ?]
2024-06-03 23:04:32 DEBUG JdbcTemplate:721 - Executing prepared SQL query
2024-06-03 23:04:32 DEBUG JdbcTemplate:650 - Executing prepared SQL statement [SELECT * FROM appuser WHERE id = ?]
2024-06-03 23:04:32 DEBUG JdbcTemplate:721 - Executing prepared SQL query
2024-06-03 23:04:32 DEBUG JdbcTemplate:650 - Executing prepared SQL statement [SELECT * FROM appuser WHERE email = ?]
2024-06-03 23:04:32 DEBUG JdbcTemplate:721 - Executing prepared SQL query
2024-06-03 23:04:32 DEBUG JdbcTemplate:650 - Executing prepared SQL statement [SELECT * FROM appuser WHERE email = ?]
2024-06-03 23:04:32 DEBUG JdbcTemplate:721 - Executing prepared SQL query
2024-06-03 23:04:32 DEBUG JdbcTemplate:650 - Executing prepared SQL statement [SELECT id FROM appuser WHERE email = ?]
2024-06-03 23:04:32 DEBUG JdbcTemplate:721 - Executing prepared SQL query
2024-06-03 23:04:32 DEBUG JdbcTemplate:650 - Executing prepared SQL statement [SELECT * FROM appuser WHERE id = ?]
2024-06-03 23:04:32 DEBUG JdbcTemplate:721 - Executing prepared SQL query
2024-06-03 23:04:32 DEBUG JdbcTemplate:650 - Executing prepared SQL statement [SELECT * FROM appuser WHERE email = ?]
2024-06-03 23:04:32 DEBUG JdbcTemplate:721 - Executing prepared SQL query
2024-06-03 23:04:32 DEBUG JdbcTemplate:650 - Executing prepared SQL statement [SELECT * FROM appuser WHERE id = ?]
2024-06-03 23:04:32 DEBUG JdbcTemplate:721 - Executing prepared SQL query
2024-06-03 23:04:32 DEBUG JdbcTemplate:650 - Executing prepared SQL statement [SELECT * FROM medic WHERE userId = ?]
2024-06-03 23:04:32 DEBUG JdbcTemplate:721 - Executing prepared SQL query
2024-06-03 23:04:32 DEBUG JdbcTemplate:650 - Executing prepared SQL statement [SELECT id FROM appuser WHERE email = ?]
2024-06-03 23:04:32 DEBUG JdbcTemplate:721 - Executing prepared SQL query
2024-06-03 23:04:32 DEBUG JdbcTemplate:650 - Executing prepared SQL statement [SELECT * FROM appuser WHERE id = ?]
2024-06-03 23:04:32 DEBUG JdbcTemplate:721 - Executing prepared SQL query
2024-06-03 23:04:32 DEBUG JdbcTemplate:650 - Executing prepared SQL statement [SELECT * FROM appuser WHERE email = ?]
2024-06-03 23:04:32 DEBUG JdbcTemplate:721 - Executing prepared SQL query
2024-06-03 23:04:32 DEBUG JdbcTemplate:650 - Executing prepared SQL statement [SELECT id FROM appuser WHERE email = ?]
2024-06-03 23:04:32 DEBUG JdbcTemplate:721 - Executing prepared SQL query
2024-06-03 23:04:32 DEBUG JdbcTemplate:650 - Executing prepared SQL statement [SELECT * FROM appuser WHERE id = ?]
2024-06-03 23:05:45 DEBUG JdbcTemplate:721 - Executing prepared SQL query
2024-06-03 23:05:45 DEBUG JdbcTemplate:650 - Executing prepared SQL statement [SELECT * FROM appuser WHERE email = ?]
2024-06-03 23:05:46 DEBUG JdbcTemplate:721 - Executing prepared SQL query
2024-06-03 23:05:46 DEBUG JdbcTemplate:650 - Executing prepared SQL statement [SELECT id FROM appuser WHERE email = ?]
2024-06-03 23:05:46 DEBUG JdbcTemplate:721 - Executing prepared SQL query
2024-06-03 23:05:46 DEBUG JdbcTemplate:650 - Executing prepared SQL statement [SELECT * FROM appuser WHERE id = ?]
2024-06-03 23:05:46 DEBUG JdbcTemplate:721 - Executing prepared SQL query
2024-06-03 23:05:46 DEBUG JdbcTemplate:650 - Executing prepared SQL statement [SELECT * FROM appuser WHERE email = ?]
2024-06-03 23:05:46 DEBUG JdbcTemplate:721 - Executing prepared SQL query
2024-06-03 23:05:46 DEBUG JdbcTemplate:650 - Executing prepared SQL statement [SELECT * FROM appuser WHERE email = ?]
2024-06-03 23:05:46 DEBUG JdbcTemplate:721 - Executing prepared SQL query
2024-06-03 23:05:46 DEBUG JdbcTemplate:650 - Executing prepared SQL statement [SELECT id FROM appuser WHERE email = ?]
2024-06-03 23:05:46 DEBUG JdbcTemplate:721 - Executing prepared SQL query
2024-06-03 23:05:46 DEBUG JdbcTemplate:650 - Executing prepared SQL statement [SELECT * FROM appuser WHERE id = ?]
2024-06-03 23:05:46 DEBUG JdbcTemplate:721 - Executing prepared SQL query
2024-06-03 23:05:46 DEBUG JdbcTemplate:650 - Executing prepared SQL statement [SELECT * FROM appuser WHERE email = ?]
2024-06-03 23:05:46 DEBUG JdbcTemplate:721 - Executing prepared SQL query
2024-06-03 23:05:46 DEBUG JdbcTemplate:650 - Executing prepared SQL statement [SELECT * FROM appuser WHERE id = ?]
2024-06-03 23:05:46 DEBUG JdbcTemplate:721 - Executing prepared SQL query
2024-06-03 23:05:46 DEBUG JdbcTemplate:650 - Executing prepared SQL statement [SELECT * FROM medic WHERE userId = ?]
2024-06-03 23:05:46 DEBUG JdbcTemplate:721 - Executing prepared SQL query
2024-06-03 23:05:46 DEBUG JdbcTemplate:650 - Executing prepared SQL statement [SELECT id FROM appuser WHERE email = ?]
2024-06-03 23:05:46 DEBUG JdbcTemplate:721 - Executing prepared SQL query
2024-06-03 23:05:46 DEBUG JdbcTemplate:650 - Executing prepared SQL statement [SELECT * FROM appuser WHERE id = ?]
2024-06-03 23:05:46 DEBUG JdbcTemplate:721 - Executing prepared SQL query
2024-06-03 23:05:46 DEBUG JdbcTemplate:650 - Executing prepared SQL statement [SELECT * FROM appuser WHERE email = ?]
2024-06-03 23:05:46 DEBUG JdbcTemplate:721 - Executing prepared SQL query
2024-06-03 23:05:46 DEBUG JdbcTemplate:650 - Executing prepared SQL statement [SELECT id FROM appuser WHERE email = ?]
2024-06-03 23:05:46 DEBUG JdbcTemplate:721 - Executing prepared SQL query
2024-06-03 23:05:46 DEBUG JdbcTemplate:650 - Executing prepared SQL statement [SELECT * FROM appuser WHERE id = ?]
2024-06-03 23:06:29 DEBUG JdbcTemplate:721 - Executing prepared SQL query
2024-06-03 23:06:29 DEBUG JdbcTemplate:650 - Executing prepared SQL statement [SELECT * FROM appuser WHERE email = ?]
2024-06-03 23:06:29 DEBUG JdbcTemplate:721 - Executing prepared SQL query
2024-06-03 23:06:29 DEBUG JdbcTemplate:650 - Executing prepared SQL statement [SELECT * FROM appuser WHERE email = ?]
2024-06-03 23:06:29 DEBUG JdbcTemplate:721 - Executing prepared SQL query
2024-06-03 23:06:29 DEBUG JdbcTemplate:650 - Executing prepared SQL statement [SELECT * FROM appuser WHERE id = ?]
2024-06-03 23:06:29 DEBUG JdbcTemplate:721 - Executing prepared SQL query
2024-06-03 23:06:29 DEBUG JdbcTemplate:650 - Executing prepared SQL statement [SELECT * FROM medic WHERE userId = ?]
2024-06-03 23:06:29 DEBUG JdbcTemplate:721 - Executing prepared SQL query
2024-06-03 23:06:29 DEBUG JdbcTemplate:650 - Executing prepared SQL statement [SELECT id FROM appuser WHERE email = ?]
2024-06-03 23:06:29 DEBUG JdbcTemplate:721 - Executing prepared SQL query
2024-06-03 23:06:29 DEBUG JdbcTemplate:650 - Executing prepared SQL statement [SELECT * FROM appuser WHERE id = ?]
2024-06-03 23:06:29 DEBUG JdbcTemplate:721 - Executing prepared SQL query
2024-06-03 23:06:29 DEBUG JdbcTemplate:650 - Executing prepared SQL statement [SELECT * FROM appuser WHERE email = ?]
2024-06-03 23:06:29 DEBUG JdbcTemplate:721 - Executing prepared SQL query
2024-06-03 23:06:29 DEBUG JdbcTemplate:650 - Executing prepared SQL statement [SELECT id FROM appuser WHERE email = ?]
2024-06-03 23:06:29 DEBUG JdbcTemplate:721 - Executing prepared SQL query
2024-06-03 23:06:29 DEBUG JdbcTemplate:650 - Executing prepared SQL statement [SELECT * FROM appuser WHERE id = ?]
2024-06-03 23:08:11 DEBUG JdbcTemplate:721 - Executing prepared SQL query
2024-06-03 23:08:11 DEBUG JdbcTemplate:650 - Executing prepared SQL statement [SELECT * FROM appuser WHERE email = ?]
2024-06-03 23:08:12 DEBUG JdbcTemplate:721 - Executing prepared SQL query
2024-06-03 23:08:12 DEBUG JdbcTemplate:650 - Executing prepared SQL statement [SELECT id FROM appuser WHERE email = ?]
2024-06-03 23:08:12 DEBUG JdbcTemplate:721 - Executing prepared SQL query
2024-06-03 23:08:12 DEBUG JdbcTemplate:650 - Executing prepared SQL statement [SELECT * FROM appuser WHERE id = ?]
2024-06-03 23:08:12 DEBUG JdbcTemplate:721 - Executing prepared SQL query
2024-06-03 23:08:12 DEBUG JdbcTemplate:650 - Executing prepared SQL statement [SELECT * FROM appuser WHERE email = ?]
2024-06-03 23:08:12 DEBUG JdbcTemplate:721 - Executing prepared SQL query
2024-06-03 23:08:12 DEBUG JdbcTemplate:650 - Executing prepared SQL statement [SELECT * FROM appuser WHERE email = ?]
2024-06-03 23:08:12 DEBUG JdbcTemplate:721 - Executing prepared SQL query
2024-06-03 23:08:12 DEBUG JdbcTemplate:650 - Executing prepared SQL statement [SELECT id FROM appuser WHERE email = ?]
2024-06-03 23:08:12 DEBUG JdbcTemplate:721 - Executing prepared SQL query
2024-06-03 23:08:12 DEBUG JdbcTemplate:650 - Executing prepared SQL statement [SELECT * FROM appuser WHERE id = ?]
2024-06-03 23:08:12 DEBUG JdbcTemplate:721 - Executing prepared SQL query
2024-06-03 23:08:12 DEBUG JdbcTemplate:650 - Executing prepared SQL statement [SELECT * FROM appuser WHERE email = ?]
2024-06-03 23:08:12 DEBUG JdbcTemplate:721 - Executing prepared SQL query
2024-06-03 23:08:12 DEBUG JdbcTemplate:650 - Executing prepared SQL statement [SELECT * FROM appuser WHERE id = ?]
2024-06-03 23:08:12 DEBUG JdbcTemplate:721 - Executing prepared SQL query
2024-06-03 23:08:12 DEBUG JdbcTemplate:650 - Executing prepared SQL statement [SELECT * FROM medic WHERE userId = ?]
2024-06-03 23:08:12 DEBUG JdbcTemplate:721 - Executing prepared SQL query
2024-06-03 23:08:12 DEBUG JdbcTemplate:650 - Executing prepared SQL statement [SELECT id FROM appuser WHERE email = ?]
2024-06-03 23:08:12 DEBUG JdbcTemplate:721 - Executing prepared SQL query
2024-06-03 23:08:12 DEBUG JdbcTemplate:650 - Executing prepared SQL statement [SELECT * FROM appuser WHERE id = ?]
2024-06-03 23:08:12 DEBUG JdbcTemplate:721 - Executing prepared SQL query
2024-06-03 23:08:12 DEBUG JdbcTemplate:650 - Executing prepared SQL statement [SELECT * FROM appuser WHERE email = ?]
2024-06-03 23:08:12 DEBUG JdbcTemplate:721 - Executing prepared SQL query
2024-06-03 23:08:12 DEBUG JdbcTemplate:650 - Executing prepared SQL statement [SELECT id FROM appuser WHERE email = ?]
2024-06-03 23:08:12 DEBUG JdbcTemplate:721 - Executing prepared SQL query
2024-06-03 23:08:12 DEBUG JdbcTemplate:650 - Executing prepared SQL statement [SELECT * FROM appuser WHERE id = ?]
2024-06-03 23:15:02 DEBUG JdbcTemplate:721 - Executing prepared SQL query
2024-06-03 23:15:02 DEBUG JdbcTemplate:721 - Executing prepared SQL query
2024-06-03 23:15:02 DEBUG JdbcTemplate:650 - Executing prepared SQL statement [SELECT * FROM appuser WHERE email = ?]
2024-06-03 23:15:02 DEBUG JdbcTemplate:650 - Executing prepared SQL statement [SELECT * FROM appuser WHERE email = ?]
2024-06-03 23:15:02 DEBUG JdbcTemplate:721 - Executing prepared SQL query
2024-06-03 23:15:02 DEBUG JdbcTemplate:650 - Executing prepared SQL statement [SELECT id FROM appuser WHERE email = ?]
2024-06-03 23:15:02 DEBUG JdbcTemplate:721 - Executing prepared SQL query
2024-06-03 23:15:02 DEBUG JdbcTemplate:650 - Executing prepared SQL statement [SELECT * FROM appuser WHERE id = ?]
2024-06-03 23:15:02 DEBUG JdbcTemplate:721 - Executing prepared SQL query
2024-06-03 23:15:02 DEBUG JdbcTemplate:650 - Executing prepared SQL statement [SELECT * FROM appuser WHERE email = ?]
2024-06-03 23:15:02 DEBUG JdbcTemplate:721 - Executing prepared SQL query
2024-06-03 23:15:02 DEBUG JdbcTemplate:650 - Executing prepared SQL statement [SELECT * FROM appuser WHERE id = ?]
2024-06-03 23:15:02 DEBUG JdbcTemplate:721 - Executing prepared SQL query
2024-06-03 23:15:02 DEBUG JdbcTemplate:650 - Executing prepared SQL statement [SELECT * FROM medic WHERE userId = ?]
2024-06-03 23:15:02 DEBUG JdbcTemplate:721 - Executing prepared SQL query
2024-06-03 23:15:02 DEBUG JdbcTemplate:650 - Executing prepared SQL statement [SELECT id FROM appuser WHERE email = ?]
2024-06-03 23:15:02 DEBUG JdbcTemplate:721 - Executing prepared SQL query
2024-06-03 23:15:02 DEBUG JdbcTemplate:650 - Executing prepared SQL statement [SELECT * FROM appuser WHERE id = ?]
2024-06-03 23:19:10 DEBUG JdbcTemplate:721 - Executing prepared SQL query
2024-06-03 23:19:10 DEBUG JdbcTemplate:650 - Executing prepared SQL statement [SELECT * FROM appuser WHERE email = ?]
2024-06-03 23:19:10 DEBUG JdbcTemplate:721 - Executing prepared SQL query
2024-06-03 23:19:10 DEBUG JdbcTemplate:650 - Executing prepared SQL statement [SELECT * FROM appuser WHERE email = ?]
2024-06-03 23:19:10 DEBUG JdbcTemplate:721 - Executing prepared SQL query
2024-06-03 23:19:10 DEBUG JdbcTemplate:650 - Executing prepared SQL statement [SELECT * FROM appuser WHERE id = ?]
2024-06-03 23:19:10 DEBUG JdbcTemplate:721 - Executing prepared SQL query
2024-06-03 23:19:10 DEBUG JdbcTemplate:650 - Executing prepared SQL statement [SELECT * FROM medic WHERE userId = ?]
2024-06-03 23:19:10 DEBUG JdbcTemplate:721 - Executing prepared SQL query
2024-06-03 23:19:10 DEBUG JdbcTemplate:650 - Executing prepared SQL statement [SELECT id FROM appuser WHERE email = ?]
2024-06-03 23:19:10 DEBUG JdbcTemplate:721 - Executing prepared SQL query
2024-06-03 23:19:10 DEBUG JdbcTemplate:650 - Executing prepared SQL statement [SELECT * FROM appuser WHERE id = ?]
2024-06-03 23:19:10 DEBUG JdbcTemplate:721 - Executing prepared SQL query
2024-06-03 23:19:10 DEBUG JdbcTemplate:650 - Executing prepared SQL statement [SELECT * FROM appuser WHERE email = ?]
2024-06-03 23:19:10 DEBUG JdbcTemplate:721 - Executing prepared SQL query
2024-06-03 23:19:10 DEBUG JdbcTemplate:650 - Executing prepared SQL statement [SELECT id FROM appuser WHERE email = ?]
2024-06-03 23:19:10 DEBUG JdbcTemplate:721 - Executing prepared SQL query
2024-06-03 23:19:10 DEBUG JdbcTemplate:650 - Executing prepared SQL statement [SELECT * FROM appuser WHERE id = ?]
2024-06-03 23:21:59 DEBUG JdbcTemplate:721 - Executing prepared SQL query
2024-06-03 23:21:59 DEBUG JdbcTemplate:650 - Executing prepared SQL statement [SELECT * FROM appuser WHERE email = ?]
2024-06-03 23:21:59 DEBUG JdbcTemplate:721 - Executing prepared SQL query
2024-06-03 23:21:59 DEBUG JdbcTemplate:650 - Executing prepared SQL statement [SELECT id FROM appuser WHERE email = ?]
2024-06-03 23:21:59 DEBUG JdbcTemplate:721 - Executing prepared SQL query
2024-06-03 23:21:59 DEBUG JdbcTemplate:650 - Executing prepared SQL statement [SELECT * FROM appuser WHERE id = ?]
2024-06-03 23:21:59 DEBUG JdbcTemplate:721 - Executing prepared SQL query
2024-06-03 23:21:59 DEBUG JdbcTemplate:650 - Executing prepared SQL statement [SELECT * FROM appuser WHERE email = ?]
2024-06-03 23:21:59 DEBUG JdbcTemplate:721 - Executing prepared SQL query
2024-06-03 23:21:59 DEBUG JdbcTemplate:650 - Executing prepared SQL statement [SELECT * FROM appuser WHERE email = ?]
2024-06-03 23:22:00 DEBUG JdbcTemplate:721 - Executing prepared SQL query
2024-06-03 23:22:00 DEBUG JdbcTemplate:650 - Executing prepared SQL statement [SELECT id FROM appuser WHERE email = ?]
2024-06-03 23:22:00 DEBUG JdbcTemplate:721 - Executing prepared SQL query
2024-06-03 23:22:00 DEBUG JdbcTemplate:650 - Executing prepared SQL statement [SELECT * FROM appuser WHERE id = ?]
2024-06-03 23:22:00 DEBUG JdbcTemplate:721 - Executing prepared SQL query
2024-06-03 23:22:00 DEBUG JdbcTemplate:650 - Executing prepared SQL statement [SELECT * FROM appuser WHERE email = ?]
2024-06-03 23:22:00 DEBUG JdbcTemplate:721 - Executing prepared SQL query
2024-06-03 23:22:00 DEBUG JdbcTemplate:650 - Executing prepared SQL statement [SELECT * FROM appuser WHERE id = ?]
2024-06-03 23:22:00 DEBUG JdbcTemplate:721 - Executing prepared SQL query
2024-06-03 23:22:00 DEBUG JdbcTemplate:650 - Executing prepared SQL statement [SELECT * FROM medic WHERE userId = ?]
2024-06-03 23:22:00 DEBUG JdbcTemplate:721 - Executing prepared SQL query
2024-06-03 23:22:00 DEBUG JdbcTemplate:650 - Executing prepared SQL statement [SELECT id FROM appuser WHERE email = ?]
2024-06-03 23:22:00 DEBUG JdbcTemplate:721 - Executing prepared SQL query
2024-06-03 23:22:00 DEBUG JdbcTemplate:650 - Executing prepared SQL statement [SELECT * FROM appuser WHERE id = ?]
2024-06-03 23:22:00 DEBUG JdbcTemplate:721 - Executing prepared SQL query
2024-06-03 23:22:00 DEBUG JdbcTemplate:650 - Executing prepared SQL statement [SELECT * FROM appuser WHERE email = ?]
2024-06-03 23:22:00 DEBUG JdbcTemplate:721 - Executing prepared SQL query
2024-06-03 23:22:00 DEBUG JdbcTemplate:650 - Executing prepared SQL statement [SELECT id FROM appuser WHERE email = ?]
2024-06-03 23:22:00 DEBUG JdbcTemplate:721 - Executing prepared SQL query
2024-06-03 23:22:00 DEBUG JdbcTemplate:650 - Executing prepared SQL statement [SELECT * FROM appuser WHERE id = ?]
